# JRE version: Java(TM) SE Runtime Environment (18.0.1.1+2) (build 18.0.1.1+2-6)
# Java VM: Java HotSpot(TM) 64-Bit Server VM (18.0.1.1+2-6, mixed mode, sharing, tiered, compressed oops, compressed class ptrs, g1 gc, windows-amd64)
GC Precious Log:
 CardTable entry size: 512
 Card Set container configuration: InlinePtr #cards 5 size 8 Array Of Cards #cards 12 size 40 Howl #buckets 4 coarsen threshold 1843 Howl Bitmap #cards 512 size 80 coarsen threshold 460 Card regions per heap region 1 cards per card region 2048
 CPUs: 4 total, 4 available
 Memory: 8024M
 Large Page Support: Disabled
 NUMA Support: Disabled
 Compressed Oops: Enabled (32-bit)
 Heap Region Size: 1M
 Heap Min Capacity: 8M
 Heap Initial Capacity: 126M
 Heap Max Capacity: 2008M
 Pre-touch: Disabled
 Parallel Workers: 4
 Concurrent Workers: 1
 Concurrent Refinement Workers: 4
 Periodic GC: Disabled
Heap:
 garbage-first heap   total 82944K, used 30769K [0x0000000082800000, 0x0000000100000000)
  region size 1024K, 13 young (13312K), 1 survivors (1024K)
 Metaspace       used 42082K, committed 42688K, reserved 1114112K
  class space    used 5409K, committed 5696K, reserved 1048576K
GC Heap History (20 events):
Event: 2.625 GC heap before
{Heap before GC invocations=2 (full 0):
 garbage-first heap   total 129024K, used 29164K [0x0000000082800000, 0x0000000100000000)
  region size 1024K, 25 young (25600K), 1 survivors (1024K)
 Metaspace       used 13594K, committed 13824K, reserved 1114112K
  class space    used 1620K, committed 1728K, reserved 1048576K
}
Event: 2.631 GC heap after
{Heap after GC invocations=3 (full 0):
 garbage-first heap   total 129024K, used 7549K [0x0000000082800000, 0x0000000100000000)
  region size 1024K, 3 young (3072K), 3 survivors (3072K)
 Metaspace       used 13594K, committed 13824K, reserved 1114112K
  class space    used 1620K, committed 1728K, reserved 1048576K
}
Event: 5.054 GC heap before
{Heap before GC invocations=3 (full 0):
 garbage-first heap   total 129024K, used 49533K [0x0000000082800000, 0x0000000100000000)
  region size 1024K, 46 young (47104K), 3 survivors (3072K)
 Metaspace       used 21216K, committed 21504K, reserved 1114112K
  class space    used 2572K, committed 2752K, reserved 1048576K
}
Event: 5.072 GC heap after
{Heap after GC invocations=4 (full 0):
 garbage-first heap   total 129024K, used 11113K [0x0000000082800000, 0x0000000100000000)
  region size 1024K, 7 young (7168K), 7 survivors (7168K)
 Metaspace       used 21216K, committed 21504K, reserved 1114112K
  class space    used 2572K, committed 2752K, reserved 1048576K
}
Event: 6.402 GC heap before
{Heap before GC invocations=5 (full 0):
 garbage-first heap   total 45056K, used 30569K [0x0000000082800000, 0x0000000100000000)
  region size 1024K, 26 young (26624K), 7 survivors (7168K)
 Metaspace       used 25664K, committed 26048K, reserved 1114112K
  class space    used 3194K, committed 3392K, reserved 1048576K
}
Event: 6.435 GC heap after
{Heap after GC invocations=6 (full 0):
 garbage-first heap   total 45056K, used 13195K [0x0000000082800000, 0x0000000100000000)
  region size 1024K, 3 young (3072K), 3 survivors (3072K)
 Metaspace       used 25664K, committed 26048K, reserved 1114112K
  class space    used 3194K, committed 3392K, reserved 1048576K
}
Event: 6.490 GC heap before
{Heap before GC invocations=6 (full 0):
 garbage-first heap   total 45056K, used 14219K [0x0000000082800000, 0x0000000100000000)
  region size 1024K, 4 young (4096K), 3 survivors (3072K)
 Metaspace       used 25976K, committed 26432K, reserved 1114112K
  class space    used 3226K, committed 3392K, reserved 1048576K
}
Event: 6.503 GC heap after
{Heap after GC invocations=7 (full 0):
 garbage-first heap   total 45056K, used 13842K [0x0000000082800000, 0x0000000100000000)
  region size 1024K, 1 young (1024K), 1 survivors (1024K)
 Metaspace       used 25976K, committed 26432K, reserved 1114112K
  class space    used 3226K, committed 3392K, reserved 1048576K
}
Event: 7.463 GC heap before
{Heap before GC invocations=7 (full 0):
 garbage-first heap   total 45056K, used 31250K [0x0000000082800000, 0x0000000100000000)
  region size 1024K, 18 young (18432K), 1 survivors (1024K)
 Metaspace       used 30443K, committed 30976K, reserved 1114112K
  class space    used 3851K, committed 4096K, reserved 1048576K
}
Event: 7.467 GC heap after
{Heap after GC invocations=8 (full 0):
 garbage-first heap   total 45056K, used 14839K [0x0000000082800000, 0x0000000100000000)
  region size 1024K, 2 young (2048K), 2 survivors (2048K)
 Metaspace       used 30443K, committed 30976K, reserved 1114112K
  class space    used 3851K, committed 4096K, reserved 1048576K
}
Event: 8.416 GC heap before
{Heap before GC invocations=8 (full 0):
 garbage-first heap   total 45056K, used 32247K [0x0000000082800000, 0x0000000100000000)
  region size 1024K, 19 young (19456K), 2 survivors (2048K)
 Metaspace       used 33799K, committed 34304K, reserved 1114112K
  class space    used 4384K, committed 4608K, reserved 1048576K
}
Event: 8.423 GC heap after
{Heap after GC invocations=9 (full 0):
 garbage-first heap   total 45056K, used 16780K [0x0000000082800000, 0x0000000100000000)
  region size 1024K, 3 young (3072K), 3 survivors (3072K)
 Metaspace       used 33799K, committed 34304K, reserved 1114112K
  class space    used 4384K, committed 4608K, reserved 1048576K
}
Event: 9.025 GC heap before
{Heap before GC invocations=9 (full 0):
 garbage-first heap   total 45056K, used 27020K [0x0000000082800000, 0x0000000100000000)
  region size 1024K, 14 young (14336K), 3 survivors (3072K)
 Metaspace       used 35591K, committed 36096K, reserved 1114112K
  class space    used 4624K, committed 4864K, reserved 1048576K
}
Event: 9.036 GC heap after
{Heap after GC invocations=10 (full 0):
 garbage-first heap   total 45056K, used 18321K [0x0000000082800000, 0x0000000100000000)
  region size 1024K, 2 young (2048K), 2 survivors (2048K)
 Metaspace       used 35591K, committed 36096K, reserved 1114112K
  class space    used 4624K, committed 4864K, reserved 1048576K
}
Event: 324.097 GC heap before
{Heap before GC invocations=11 (full 0):
 garbage-first heap   total 45056K, used 32657K [0x0000000082800000, 0x0000000100000000)
  region size 1024K, 16 young (16384K), 2 survivors (2048K)
 Metaspace       used 38941K, committed 39552K, reserved 1114112K
  class space    used 5036K, committed 5312K, reserved 1048576K
}
Event: 324.107 GC heap after
{Heap after GC invocations=12 (full 0):
 garbage-first heap   total 45056K, used 19557K [0x0000000082800000, 0x0000000100000000)
  region size 1024K, 2 young (2048K), 2 survivors (2048K)
 Metaspace       used 38941K, committed 39552K, reserved 1114112K
  class space    used 5036K, committed 5312K, reserved 1048576K
}
Event: 324.167 GC heap before
{Heap before GC invocations=12 (full 0):
 garbage-first heap   total 45056K, used 20581K [0x0000000082800000, 0x0000000100000000)
  region size 1024K, 3 young (3072K), 2 survivors (2048K)
 Metaspace       used 39238K, committed 39872K, reserved 1114112K
  class space    used 5083K, committed 5376K, reserved 1048576K
}
Event: 324.172 GC heap after
{Heap after GC invocations=13 (full 0):
 garbage-first heap   total 45056K, used 18885K [0x0000000082800000, 0x0000000100000000)
  region size 1024K, 1 young (1024K), 1 survivors (1024K)
 Metaspace       used 39238K, committed 39872K, reserved 1114112K
  class space    used 5083K, committed 5376K, reserved 1048576K
}
Event: 2124.434 GC heap before
{Heap before GC invocations=13 (full 0):
 garbage-first heap   total 45056K, used 32197K [0x0000000082800000, 0x0000000100000000)
  region size 1024K, 15 young (15360K), 1 survivors (1024K)
 Metaspace       used 41235K, committed 41792K, reserved 1114112K
  class space    used 5309K, committed 5568K, reserved 1048576K
}
Event: 2124.463 GC heap after
{Heap after GC invocations=14 (full 0):
 garbage-first heap   total 82944K, used 19505K [0x0000000082800000, 0x0000000100000000)
  region size 1024K, 1 young (1024K), 1 survivors (1024K)
 Metaspace       used 41235K, committed 41792K, reserved 1114112K
  class space    used 5309K, committed 5568K, reserved 1048576K
}

